2018-06-05 11:32:23, INFO, edu.kit.dama.util.DataManagerSettings, main Initializing KIT Data Manager settings
2018-06-05 11:32:23, DEBUG, edu.kit.dama.util.DataManagerSettings, main Checking for configuration in environment variable DATAMANAGER_CONFIG
2018-06-05 11:32:23, DEBUG, edu.kit.dama.util.DataManagerSettings, main Environment variable is empty. Checking system property 'datamanager.config'
2018-06-05 11:32:23, DEBUG, edu.kit.dama.util.DataManagerSettings, main System property datamanager.config is set to: null
2018-06-05 11:32:23, DEBUG, edu.kit.dama.util.DataManagerSettings, main System property is invalid. Checking file datamanager.xml
2018-06-05 11:32:23, DEBUG, edu.kit.dama.util.DataManagerSettings, main Try getting default configuration from resource 'datamanager.xml'
2018-06-05 11:32:23, DEBUG, edu.kit.dama.util.DataManagerSettings, main Try getting default configuration from context classloader
2018-06-05 11:32:23, DEBUG, edu.kit.dama.util.DataManagerSettings, main Loading configuration from file:/tmp/git/metastore/github/generic-repo-client/target/test-classes/datamanager.xml
2018-06-05 11:32:23, DEBUG, edu.kit.dama.util.DataManagerSettings, main Loading productionMode property
2018-06-05 11:32:23, DEBUG, edu.kit.dama.util.DataManagerSettings, main Configuration contains 0 persistence units.
2018-06-05 11:32:23, DEBUG, edu.kit.dama.util.DataManagerSettings, main Configuration initialized successfully.
2018-06-05 11:32:23, ERROR, edu.kit.dama.rest.client.generic.helper.RESTClientHelper, main Unable to get the requestd group by GroupID 'NANOSCOPY_GROUP'!
java.lang.NullPointerException: null
	at edu.kit.dama.rest.client.generic.helper.RESTClientHelper.getSpecificGroupID(RESTClientHelper.java:188) ~[na:na]
	at edu.kit.dama.rest.client.generic.helper.test.RESTClientHelperTest.getIncorrectSpecificGroupTest(RESTClientHelperTest.java:212) [na:na]
	at sun.reflect.NativeMethodAccessorImpl.invoke0(Native Method) ~[na:1.8.0_111]
	at sun.reflect.NativeMethodAccessorImpl.invoke(NativeMethodAccessorImpl.java:62) ~[na:1.8.0_111]
	at sun.reflect.DelegatingMethodAccessorImpl.invoke(DelegatingMethodAccessorImpl.java:43) ~[na:1.8.0_111]
	at java.lang.reflect.Method.invoke(Method.java:498) ~[na:1.8.0_111]
	at org.junit.internal.runners.TestMethod.invoke(TestMethod.java:68) [junit-4.11.jar:na]
	at org.powermock.modules.junit4.internal.impl.PowerMockJUnit44RunnerDelegateImpl$PowerMockJUnit44MethodRunner.runTestMethod(PowerMockJUnit44RunnerDelegateImpl.java:310) [na:na]
	at org.junit.internal.runners.MethodRoadie$2.run(MethodRoadie.java:88) [junit-4.11.jar:na]
	at org.junit.internal.runners.MethodRoadie.runBeforesThenTestThenAfters(MethodRoadie.java:96) [junit-4.11.jar:na]
	at org.powermock.modules.junit4.internal.impl.PowerMockJUnit44RunnerDelegateImpl$PowerMockJUnit44MethodRunner.executeTest(PowerMockJUnit44RunnerDelegateImpl.java:294) [na:na]
	at org.powermock.modules.junit4.internal.impl.PowerMockJUnit47RunnerDelegateImpl$PowerMockJUnit47MethodRunner.executeTestInSuper(PowerMockJUnit47RunnerDelegateImpl.java:127) [na:na]
	at org.powermock.modules.junit4.internal.impl.PowerMockJUnit47RunnerDelegateImpl$PowerMockJUnit47MethodRunner.executeTest(PowerMockJUnit47RunnerDelegateImpl.java:82) [na:na]
	at org.powermock.modules.junit4.internal.impl.PowerMockJUnit44RunnerDelegateImpl$PowerMockJUnit44MethodRunner.runBeforesThenTestThenAfters(PowerMockJUnit44RunnerDelegateImpl.java:282) [na:na]
	at org.junit.internal.runners.MethodRoadie.runTest(MethodRoadie.java:86) [junit-4.11.jar:na]
	at org.junit.internal.runners.MethodRoadie.run(MethodRoadie.java:49) [junit-4.11.jar:na]
	at org.powermock.modules.junit4.internal.impl.PowerMockJUnit44RunnerDelegateImpl.invokeTestMethod(PowerMockJUnit44RunnerDelegateImpl.java:207) [na:na]
	at org.powermock.modules.junit4.internal.impl.PowerMockJUnit44RunnerDelegateImpl.runMethods(PowerMockJUnit44RunnerDelegateImpl.java:146) [na:na]
	at org.powermock.modules.junit4.internal.impl.PowerMockJUnit44RunnerDelegateImpl$1.run(PowerMockJUnit44RunnerDelegateImpl.java:120) [na:na]
	at org.junit.internal.runners.ClassRoadie.runUnprotected(ClassRoadie.java:33) [junit-4.11.jar:na]
	at org.junit.internal.runners.ClassRoadie.runProtected(ClassRoadie.java:45) [junit-4.11.jar:na]
	at org.powermock.modules.junit4.internal.impl.PowerMockJUnit44RunnerDelegateImpl.run(PowerMockJUnit44RunnerDelegateImpl.java:118) [na:na]
	at org.powermock.modules.junit4.common.internal.impl.JUnit4TestSuiteChunkerImpl.run(JUnit4TestSuiteChunkerImpl.java:104) [powermock-module-junit4-common-1.5.5.jar:na]
	at org.powermock.modules.junit4.common.internal.impl.AbstractCommonPowerMockRunner.run(AbstractCommonPowerMockRunner.java:53) [powermock-module-junit4-common-1.5.5.jar:na]
	at org.powermock.modules.junit4.PowerMockRunner.run(PowerMockRunner.java:53) [powermock-module-junit4-1.5.5.jar:na]
	at org.apache.maven.surefire.junit4.JUnit4Provider.execute(JUnit4Provider.java:252) [surefire-junit4-2.12.4.jar:2.12.4]
	at org.apache.maven.surefire.junit4.JUnit4Provider.executeTestSet(JUnit4Provider.java:141) [surefire-junit4-2.12.4.jar:2.12.4]
	at org.apache.maven.surefire.junit4.JUnit4Provider.invoke(JUnit4Provider.java:112) [surefire-junit4-2.12.4.jar:2.12.4]
	at sun.reflect.NativeMethodAccessorImpl.invoke0(Native Method) ~[na:1.8.0_111]
	at sun.reflect.NativeMethodAccessorImpl.invoke(NativeMethodAccessorImpl.java:62) ~[na:1.8.0_111]
	at sun.reflect.DelegatingMethodAccessorImpl.invoke(DelegatingMethodAccessorImpl.java:43) ~[na:1.8.0_111]
	at java.lang.reflect.Method.invoke(Method.java:498) ~[na:1.8.0_111]
	at org.apache.maven.surefire.util.ReflectionUtils.invokeMethodWithArray(ReflectionUtils.java:189) [surefire-api-2.12.4.jar:2.12.4]
	at org.apache.maven.surefire.booter.ProviderFactory$ProviderProxy.invoke(ProviderFactory.java:165) [surefire-booter-2.12.4.jar:2.12.4]
	at org.apache.maven.surefire.booter.ProviderFactory.invokeProvider(ProviderFactory.java:85) [surefire-booter-2.12.4.jar:2.12.4]
	at org.apache.maven.surefire.booter.ForkedBooter.runSuitesInProcess(ForkedBooter.java:115) [surefire-booter-2.12.4.jar:2.12.4]
	at org.apache.maven.surefire.booter.ForkedBooter.main(ForkedBooter.java:75) [surefire-booter-2.12.4.jar:2.12.4]
2018-06-05 11:32:23, ERROR, edu.kit.dama.rest.client.generic.helper.RESTClientHelper, main Unable to get study for the requested topic 'ecodicology'
java.lang.NullPointerException: null
	at edu.kit.dama.rest.client.generic.helper.RESTClientHelper.getStudyByTopic(RESTClientHelper.java:294) [na:na]
	at edu.kit.dama.rest.client.generic.helper.RESTClientHelper.createStudy(RESTClientHelper.java:263) [na:na]
	at edu.kit.dama.rest.client.generic.helper.test.RESTClientHelperTest.createNewStudyTest(RESTClientHelperTest.java:349) [na:na]
	at sun.reflect.NativeMethodAccessorImpl.invoke0(Native Method) ~[na:1.8.0_111]
	at sun.reflect.NativeMethodAccessorImpl.invoke(NativeMethodAccessorImpl.java:62) ~[na:1.8.0_111]
	at sun.reflect.DelegatingMethodAccessorImpl.invoke(DelegatingMethodAccessorImpl.java:43) ~[na:1.8.0_111]
	at java.lang.reflect.Method.invoke(Method.java:498) ~[na:1.8.0_111]
	at org.junit.internal.runners.TestMethod.invoke(TestMethod.java:68) [junit-4.11.jar:na]
	at org.powermock.modules.junit4.internal.impl.PowerMockJUnit44RunnerDelegateImpl$PowerMockJUnit44MethodRunner.runTestMethod(PowerMockJUnit44RunnerDelegateImpl.java:310) [na:na]
	at org.junit.internal.runners.MethodRoadie$2.run(MethodRoadie.java:88) [junit-4.11.jar:na]
	at org.junit.internal.runners.MethodRoadie.runBeforesThenTestThenAfters(MethodRoadie.java:96) [junit-4.11.jar:na]
	at org.powermock.modules.junit4.internal.impl.PowerMockJUnit44RunnerDelegateImpl$PowerMockJUnit44MethodRunner.executeTest(PowerMockJUnit44RunnerDelegateImpl.java:294) [na:na]
	at org.powermock.modules.junit4.internal.impl.PowerMockJUnit47RunnerDelegateImpl$PowerMockJUnit47MethodRunner.executeTestInSuper(PowerMockJUnit47RunnerDelegateImpl.java:127) [na:na]
	at org.powermock.modules.junit4.internal.impl.PowerMockJUnit47RunnerDelegateImpl$PowerMockJUnit47MethodRunner.executeTest(PowerMockJUnit47RunnerDelegateImpl.java:82) [na:na]
	at org.powermock.modules.junit4.internal.impl.PowerMockJUnit44RunnerDelegateImpl$PowerMockJUnit44MethodRunner.runBeforesThenTestThenAfters(PowerMockJUnit44RunnerDelegateImpl.java:282) [na:na]
	at org.junit.internal.runners.MethodRoadie.runTest(MethodRoadie.java:86) [junit-4.11.jar:na]
	at org.junit.internal.runners.MethodRoadie.run(MethodRoadie.java:49) [junit-4.11.jar:na]
	at org.powermock.modules.junit4.internal.impl.PowerMockJUnit44RunnerDelegateImpl.invokeTestMethod(PowerMockJUnit44RunnerDelegateImpl.java:207) [na:na]
	at org.powermock.modules.junit4.internal.impl.PowerMockJUnit44RunnerDelegateImpl.runMethods(PowerMockJUnit44RunnerDelegateImpl.java:146) [na:na]
	at org.powermock.modules.junit4.internal.impl.PowerMockJUnit44RunnerDelegateImpl$1.run(PowerMockJUnit44RunnerDelegateImpl.java:120) [na:na]
	at org.junit.internal.runners.ClassRoadie.runUnprotected(ClassRoadie.java:33) [junit-4.11.jar:na]
	at org.junit.internal.runners.ClassRoadie.runProtected(ClassRoadie.java:45) [junit-4.11.jar:na]
	at org.powermock.modules.junit4.internal.impl.PowerMockJUnit44RunnerDelegateImpl.run(PowerMockJUnit44RunnerDelegateImpl.java:118) [na:na]
	at org.powermock.modules.junit4.common.internal.impl.JUnit4TestSuiteChunkerImpl.run(JUnit4TestSuiteChunkerImpl.java:104) [powermock-module-junit4-common-1.5.5.jar:na]
	at org.powermock.modules.junit4.common.internal.impl.AbstractCommonPowerMockRunner.run(AbstractCommonPowerMockRunner.java:53) [powermock-module-junit4-common-1.5.5.jar:na]
	at org.powermock.modules.junit4.PowerMockRunner.run(PowerMockRunner.java:53) [powermock-module-junit4-1.5.5.jar:na]
	at org.apache.maven.surefire.junit4.JUnit4Provider.execute(JUnit4Provider.java:252) [surefire-junit4-2.12.4.jar:2.12.4]
	at org.apache.maven.surefire.junit4.JUnit4Provider.executeTestSet(JUnit4Provider.java:141) [surefire-junit4-2.12.4.jar:2.12.4]
	at org.apache.maven.surefire.junit4.JUnit4Provider.invoke(JUnit4Provider.java:112) [surefire-junit4-2.12.4.jar:2.12.4]
	at sun.reflect.NativeMethodAccessorImpl.invoke0(Native Method) ~[na:1.8.0_111]
	at sun.reflect.NativeMethodAccessorImpl.invoke(NativeMethodAccessorImpl.java:62) ~[na:1.8.0_111]
	at sun.reflect.DelegatingMethodAccessorImpl.invoke(DelegatingMethodAccessorImpl.java:43) ~[na:1.8.0_111]
	at java.lang.reflect.Method.invoke(Method.java:498) ~[na:1.8.0_111]
	at org.apache.maven.surefire.util.ReflectionUtils.invokeMethodWithArray(ReflectionUtils.java:189) [surefire-api-2.12.4.jar:2.12.4]
	at org.apache.maven.surefire.booter.ProviderFactory$ProviderProxy.invoke(ProviderFactory.java:165) [surefire-booter-2.12.4.jar:2.12.4]
	at org.apache.maven.surefire.booter.ProviderFactory.invokeProvider(ProviderFactory.java:85) [surefire-booter-2.12.4.jar:2.12.4]
	at org.apache.maven.surefire.booter.ForkedBooter.runSuitesInProcess(ForkedBooter.java:115) [surefire-booter-2.12.4.jar:2.12.4]
	at org.apache.maven.surefire.booter.ForkedBooter.main(ForkedBooter.java:75) [surefire-booter-2.12.4.jar:2.12.4]
2018-06-05 11:32:23, DEBUG, edu.kit.dama.rest.client.generic.helper.RESTClientHelper, main Updating ingest entity 12 to status 16
2018-06-05 14:00:50, ERROR, edu.kit.dama.rest.client.generic.helper.RESTClientHelper, main Unable to get the requestd group by GroupID 'NANOSCOPY_GROUP'!
java.lang.NullPointerException: null
	at edu.kit.dama.rest.client.generic.helper.RESTClientHelper.getSpecificGroupID(RESTClientHelper.java:188) ~[na:na]
	at edu.kit.dama.rest.client.generic.helper.test.RESTClientHelperTest.getIncorrectSpecificGroupTest(RESTClientHelperTest.java:212) [na:na]
	at sun.reflect.NativeMethodAccessorImpl.invoke0(Native Method) ~[na:1.8.0_111]
	at sun.reflect.NativeMethodAccessorImpl.invoke(NativeMethodAccessorImpl.java:62) ~[na:1.8.0_111]
	at sun.reflect.DelegatingMethodAccessorImpl.invoke(DelegatingMethodAccessorImpl.java:43) ~[na:1.8.0_111]
	at java.lang.reflect.Method.invoke(Method.java:498) ~[na:1.8.0_111]
	at org.junit.internal.runners.TestMethod.invoke(TestMethod.java:68) [junit-4.11.jar:na]
	at org.powermock.modules.junit4.internal.impl.PowerMockJUnit44RunnerDelegateImpl$PowerMockJUnit44MethodRunner.runTestMethod(PowerMockJUnit44RunnerDelegateImpl.java:310) [na:na]
	at org.junit.internal.runners.MethodRoadie$2.run(MethodRoadie.java:88) [junit-4.11.jar:na]
	at org.junit.internal.runners.MethodRoadie.runBeforesThenTestThenAfters(MethodRoadie.java:96) [junit-4.11.jar:na]
	at org.powermock.modules.junit4.internal.impl.PowerMockJUnit44RunnerDelegateImpl$PowerMockJUnit44MethodRunner.executeTest(PowerMockJUnit44RunnerDelegateImpl.java:294) [na:na]
	at org.powermock.modules.junit4.internal.impl.PowerMockJUnit47RunnerDelegateImpl$PowerMockJUnit47MethodRunner.executeTestInSuper(PowerMockJUnit47RunnerDelegateImpl.java:127) [na:na]
	at org.powermock.modules.junit4.internal.impl.PowerMockJUnit47RunnerDelegateImpl$PowerMockJUnit47MethodRunner.executeTest(PowerMockJUnit47RunnerDelegateImpl.java:82) [na:na]
	at org.powermock.modules.junit4.internal.impl.PowerMockJUnit44RunnerDelegateImpl$PowerMockJUnit44MethodRunner.runBeforesThenTestThenAfters(PowerMockJUnit44RunnerDelegateImpl.java:282) [na:na]
	at org.junit.internal.runners.MethodRoadie.runTest(MethodRoadie.java:86) [junit-4.11.jar:na]
	at org.junit.internal.runners.MethodRoadie.run(MethodRoadie.java:49) [junit-4.11.jar:na]
	at org.powermock.modules.junit4.internal.impl.PowerMockJUnit44RunnerDelegateImpl.invokeTestMethod(PowerMockJUnit44RunnerDelegateImpl.java:207) [na:na]
	at org.powermock.modules.junit4.internal.impl.PowerMockJUnit44RunnerDelegateImpl.runMethods(PowerMockJUnit44RunnerDelegateImpl.java:146) [na:na]
	at org.powermock.modules.junit4.internal.impl.PowerMockJUnit44RunnerDelegateImpl$1.run(PowerMockJUnit44RunnerDelegateImpl.java:120) [na:na]
	at org.junit.internal.runners.ClassRoadie.runUnprotected(ClassRoadie.java:33) [junit-4.11.jar:na]
	at org.junit.internal.runners.ClassRoadie.runProtected(ClassRoadie.java:45) [junit-4.11.jar:na]
	at org.powermock.modules.junit4.internal.impl.PowerMockJUnit44RunnerDelegateImpl.run(PowerMockJUnit44RunnerDelegateImpl.java:118) [na:na]
	at org.powermock.modules.junit4.common.internal.impl.JUnit4TestSuiteChunkerImpl.run(JUnit4TestSuiteChunkerImpl.java:104) [powermock-module-junit4-common-1.5.5.jar:na]
	at org.powermock.modules.junit4.common.internal.impl.AbstractCommonPowerMockRunner.run(AbstractCommonPowerMockRunner.java:53) [powermock-module-junit4-common-1.5.5.jar:na]
	at org.powermock.modules.junit4.PowerMockRunner.run(PowerMockRunner.java:53) [powermock-module-junit4-1.5.5.jar:na]
	at org.apache.maven.surefire.junit4.JUnit4Provider.execute(JUnit4Provider.java:252) [surefire-junit4-2.12.4.jar:2.12.4]
	at org.apache.maven.surefire.junit4.JUnit4Provider.executeTestSet(JUnit4Provider.java:141) [surefire-junit4-2.12.4.jar:2.12.4]
	at org.apache.maven.surefire.junit4.JUnit4Provider.invoke(JUnit4Provider.java:112) [surefire-junit4-2.12.4.jar:2.12.4]
	at sun.reflect.NativeMethodAccessorImpl.invoke0(Native Method) ~[na:1.8.0_111]
	at sun.reflect.NativeMethodAccessorImpl.invoke(NativeMethodAccessorImpl.java:62) ~[na:1.8.0_111]
	at sun.reflect.DelegatingMethodAccessorImpl.invoke(DelegatingMethodAccessorImpl.java:43) ~[na:1.8.0_111]
	at java.lang.reflect.Method.invoke(Method.java:498) ~[na:1.8.0_111]
	at org.apache.maven.surefire.util.ReflectionUtils.invokeMethodWithArray(ReflectionUtils.java:189) [surefire-api-2.12.4.jar:2.12.4]
	at org.apache.maven.surefire.booter.ProviderFactory$ProviderProxy.invoke(ProviderFactory.java:165) [surefire-booter-2.12.4.jar:2.12.4]
	at org.apache.maven.surefire.booter.ProviderFactory.invokeProvider(ProviderFactory.java:85) [surefire-booter-2.12.4.jar:2.12.4]
	at org.apache.maven.surefire.booter.ForkedBooter.runSuitesInProcess(ForkedBooter.java:115) [surefire-booter-2.12.4.jar:2.12.4]
	at org.apache.maven.surefire.booter.ForkedBooter.main(ForkedBooter.java:75) [surefire-booter-2.12.4.jar:2.12.4]
2018-06-05 14:00:50, ERROR, edu.kit.dama.rest.client.generic.helper.RESTClientHelper, main Unable to get study for the requested topic 'ecodicology'
java.lang.NullPointerException: null
	at edu.kit.dama.rest.client.generic.helper.RESTClientHelper.getStudyByTopic(RESTClientHelper.java:294) [na:na]
	at edu.kit.dama.rest.client.generic.helper.RESTClientHelper.createStudy(RESTClientHelper.java:263) [na:na]
	at edu.kit.dama.rest.client.generic.helper.test.RESTClientHelperTest.createNewStudyTest(RESTClientHelperTest.java:349) [na:na]
	at sun.reflect.NativeMethodAccessorImpl.invoke0(Native Method) ~[na:1.8.0_111]
	at sun.reflect.NativeMethodAccessorImpl.invoke(NativeMethodAccessorImpl.java:62) ~[na:1.8.0_111]
	at sun.reflect.DelegatingMethodAccessorImpl.invoke(DelegatingMethodAccessorImpl.java:43) ~[na:1.8.0_111]
	at java.lang.reflect.Method.invoke(Method.java:498) ~[na:1.8.0_111]
	at org.junit.internal.runners.TestMethod.invoke(TestMethod.java:68) [junit-4.11.jar:na]
	at org.powermock.modules.junit4.internal.impl.PowerMockJUnit44RunnerDelegateImpl$PowerMockJUnit44MethodRunner.runTestMethod(PowerMockJUnit44RunnerDelegateImpl.java:310) [na:na]
	at org.junit.internal.runners.MethodRoadie$2.run(MethodRoadie.java:88) [junit-4.11.jar:na]
	at org.junit.internal.runners.MethodRoadie.runBeforesThenTestThenAfters(MethodRoadie.java:96) [junit-4.11.jar:na]
	at org.powermock.modules.junit4.internal.impl.PowerMockJUnit44RunnerDelegateImpl$PowerMockJUnit44MethodRunner.executeTest(PowerMockJUnit44RunnerDelegateImpl.java:294) [na:na]
	at org.powermock.modules.junit4.internal.impl.PowerMockJUnit47RunnerDelegateImpl$PowerMockJUnit47MethodRunner.executeTestInSuper(PowerMockJUnit47RunnerDelegateImpl.java:127) [na:na]
	at org.powermock.modules.junit4.internal.impl.PowerMockJUnit47RunnerDelegateImpl$PowerMockJUnit47MethodRunner.executeTest(PowerMockJUnit47RunnerDelegateImpl.java:82) [na:na]
	at org.powermock.modules.junit4.internal.impl.PowerMockJUnit44RunnerDelegateImpl$PowerMockJUnit44MethodRunner.runBeforesThenTestThenAfters(PowerMockJUnit44RunnerDelegateImpl.java:282) [na:na]
	at org.junit.internal.runners.MethodRoadie.runTest(MethodRoadie.java:86) [junit-4.11.jar:na]
	at org.junit.internal.runners.MethodRoadie.run(MethodRoadie.java:49) [junit-4.11.jar:na]
	at org.powermock.modules.junit4.internal.impl.PowerMockJUnit44RunnerDelegateImpl.invokeTestMethod(PowerMockJUnit44RunnerDelegateImpl.java:207) [na:na]
	at org.powermock.modules.junit4.internal.impl.PowerMockJUnit44RunnerDelegateImpl.runMethods(PowerMockJUnit44RunnerDelegateImpl.java:146) [na:na]
	at org.powermock.modules.junit4.internal.impl.PowerMockJUnit44RunnerDelegateImpl$1.run(PowerMockJUnit44RunnerDelegateImpl.java:120) [na:na]
	at org.junit.internal.runners.ClassRoadie.runUnprotected(ClassRoadie.java:33) [junit-4.11.jar:na]
	at org.junit.internal.runners.ClassRoadie.runProtected(ClassRoadie.java:45) [junit-4.11.jar:na]
	at org.powermock.modules.junit4.internal.impl.PowerMockJUnit44RunnerDelegateImpl.run(PowerMockJUnit44RunnerDelegateImpl.java:118) [na:na]
	at org.powermock.modules.junit4.common.internal.impl.JUnit4TestSuiteChunkerImpl.run(JUnit4TestSuiteChunkerImpl.java:104) [powermock-module-junit4-common-1.5.5.jar:na]
	at org.powermock.modules.junit4.common.internal.impl.AbstractCommonPowerMockRunner.run(AbstractCommonPowerMockRunner.java:53) [powermock-module-junit4-common-1.5.5.jar:na]
	at org.powermock.modules.junit4.PowerMockRunner.run(PowerMockRunner.java:53) [powermock-module-junit4-1.5.5.jar:na]
	at org.apache.maven.surefire.junit4.JUnit4Provider.execute(JUnit4Provider.java:252) [surefire-junit4-2.12.4.jar:2.12.4]
	at org.apache.maven.surefire.junit4.JUnit4Provider.executeTestSet(JUnit4Provider.java:141) [surefire-junit4-2.12.4.jar:2.12.4]
	at org.apache.maven.surefire.junit4.JUnit4Provider.invoke(JUnit4Provider.java:112) [surefire-junit4-2.12.4.jar:2.12.4]
	at sun.reflect.NativeMethodAccessorImpl.invoke0(Native Method) ~[na:1.8.0_111]
	at sun.reflect.NativeMethodAccessorImpl.invoke(NativeMethodAccessorImpl.java:62) ~[na:1.8.0_111]
	at sun.reflect.DelegatingMethodAccessorImpl.invoke(DelegatingMethodAccessorImpl.java:43) ~[na:1.8.0_111]
	at java.lang.reflect.Method.invoke(Method.java:498) ~[na:1.8.0_111]
	at org.apache.maven.surefire.util.ReflectionUtils.invokeMethodWithArray(ReflectionUtils.java:189) [surefire-api-2.12.4.jar:2.12.4]
	at org.apache.maven.surefire.booter.ProviderFactory$ProviderProxy.invoke(ProviderFactory.java:165) [surefire-booter-2.12.4.jar:2.12.4]
	at org.apache.maven.surefire.booter.ProviderFactory.invokeProvider(ProviderFactory.java:85) [surefire-booter-2.12.4.jar:2.12.4]
	at org.apache.maven.surefire.booter.ForkedBooter.runSuitesInProcess(ForkedBooter.java:115) [surefire-booter-2.12.4.jar:2.12.4]
	at org.apache.maven.surefire.booter.ForkedBooter.main(ForkedBooter.java:75) [surefire-booter-2.12.4.jar:2.12.4]
2018-06-05 14:00:50, INFO, edu.kit.dama.util.DataManagerSettings, main Initializing KIT Data Manager settings
2018-06-05 14:00:50, DEBUG, edu.kit.dama.util.DataManagerSettings, main Checking for configuration in environment variable DATAMANAGER_CONFIG
2018-06-05 14:00:50, DEBUG, edu.kit.dama.util.DataManagerSettings, main Environment variable is empty. Checking system property 'datamanager.config'
2018-06-05 14:00:50, DEBUG, edu.kit.dama.util.DataManagerSettings, main System property datamanager.config is set to: null
2018-06-05 14:00:50, DEBUG, edu.kit.dama.util.DataManagerSettings, main System property is invalid. Checking file datamanager.xml
2018-06-05 14:00:50, DEBUG, edu.kit.dama.util.DataManagerSettings, main Try getting default configuration from resource 'datamanager.xml'
2018-06-05 14:00:50, DEBUG, edu.kit.dama.util.DataManagerSettings, main Try getting default configuration from context classloader
2018-06-05 14:00:50, DEBUG, edu.kit.dama.util.DataManagerSettings, main Loading configuration from file:/tmp/git/metastore/github/generic-repo-client/target/test-classes/datamanager.xml
2018-06-05 14:00:50, DEBUG, edu.kit.dama.util.DataManagerSettings, main Loading productionMode property
2018-06-05 14:00:50, DEBUG, edu.kit.dama.util.DataManagerSettings, main Configuration contains 0 persistence units.
2018-06-05 14:00:50, DEBUG, edu.kit.dama.util.DataManagerSettings, main Configuration initialized successfully.
2018-06-05 14:00:50, DEBUG, edu.kit.dama.rest.client.generic.helper.RESTClientHelper, main Updating ingest entity 12 to status 16
